<?xml version="1.0" encoding="UTF-8"?>
<!-- Generated by org.testng.reporters.JUnitXMLReporter -->
<testsuite ignored="0" hostname="BRILAP1990" failures="0" tests="3" name="Test" time="128.882" errors="0" timestamp="15 Mar 2022 13:36:21 GMT">
  <testcase classname="script.ValidLogin_Test" name="testValidLogin" time="16.363"/>
  <testcase classname="script.InvalidLogin_Test" name="testInvalidLogin" time="19.054"/>
  <testcase classname="script.VerifyProductVersion_Test" name="testProductVerson" time="12.208"/>
</testsuite> <!-- Test -->
